#-----------------------------------------------------------
# Vivado v2021.1 (64-bit)
# SW Build 3247384 on Thu Jun 10 19:36:33 MDT 2021
# IP Build 3246043 on Fri Jun 11 00:30:35 MDT 2021
# Start of session at: Thu Nov 10 19:15:22 2022
# Process ID: 6880
# Current directory: E:/USTC/2nd year-1st sem/Digital circuit Experiment/Ex6/Step5
# Command line: vivado.exe -gui_launcher_event rodinguilauncherevent11120 E:\USTC\2nd year-1st sem\Digital circuit Experiment\Ex6\Step5\Step5.xpr
# Log file: E:/USTC/2nd year-1st sem/Digital circuit Experiment/Ex6/Step5/vivado.log
# Journal file: E:/USTC/2nd year-1st sem/Digital circuit Experiment/Ex6/Step5\vivado.jou
#-----------------------------------------------------------
start_gui
open_project {E:/USTC/2nd year-1st sem/Digital circuit Experiment/Ex6/Step5/Step5.xpr}
WARNING: [filemgmt 56-3] Default IP Output Path : Could not find the directory 'E:/USTC/2nd year-1st sem/Digital circuit Experiment/Ex6/Step5/Step5.gen/sources_1'.
Scanning sources...
Finished scanning sources
INFO: [IP_Flow 19-234] Refreshing IP repositories
INFO: [IP_Flow 19-1704] No user IP repositories specified
INFO: [IP_Flow 19-2313] Loaded Vivado IP repository 'D:/Vivado/Vivado/2021.1/data/ip'.
update_compile_order -fileset sources_1
exit
INFO: [Common 17-206] Exiting Vivado at Thu Nov 10 19:15:47 2022...
