#-----------------------------------------------------------
# Vivado v2021.1 (64-bit)
# SW Build 3247384 on Thu Jun 10 19:36:33 MDT 2021
# IP Build 3246043 on Fri Jun 11 00:30:35 MDT 2021
# Start of session at: Thu Nov 17 17:16:55 2022
# Process ID: 9604
# Current directory: E:/USTC/2nd year-1st sem/Digital circuit Experiment/Ex6/T3-2
# Command line: vivado.exe -gui_launcher_event rodinguilauncherevent14644 E:\USTC\2nd year-1st sem\Digital circuit Experiment\Ex6\T3-2\T3-2.xpr
# Log file: E:/USTC/2nd year-1st sem/Digital circuit Experiment/Ex6/T3-2/vivado.log
# Journal file: E:/USTC/2nd year-1st sem/Digital circuit Experiment/Ex6/T3-2\vivado.jou
#-----------------------------------------------------------
start_gui
open_project {E:/USTC/2nd year-1st sem/Digital circuit Experiment/Ex6/T3-2/T3-2.xpr}
WARNING: [filemgmt 56-3] Default IP Output Path : Could not find the directory 'E:/USTC/2nd year-1st sem/Digital circuit Experiment/Ex6/T3-2/T3-2.gen/sources_1'.
Scanning sources...
Finished scanning sources
INFO: [IP_Flow 19-234] Refreshing IP repositories
INFO: [IP_Flow 19-1704] No user IP repositories specified
INFO: [IP_Flow 19-2313] Loaded Vivado IP repository 'D:/Vivado/Vivado/2021.1/data/ip'.
open_project: Time (s): cpu = 00:00:17 ; elapsed = 00:00:06 . Memory (MB): peak = 1137.133 ; gain = 0.000
update_compile_order -fileset sources_1
export_ip_user_files -of_objects  [get_files {{E:/USTC/2nd year-1st sem/Digital circuit Experiment/Ex6/fpgaolusedforT3.xdc}}] -no_script -reset -force -quiet
remove_files  -fileset constrs_1 {{E:/USTC/2nd year-1st sem/Digital circuit Experiment/Ex6/fpgaolusedforT3.xdc}}
add_files -fileset constrs_1 -norecurse {{E:/USTC/2nd year-1st sem/Digital circuit Experiment/Ex6/fpgaolusedforT3-2 .xdc}}
reset_run synth_1
WARNING: [Vivado 12-1017] Problems encountered:
1. Failed to delete one or more files in run directory E:/USTC/2nd year-1st sem/Digital circuit Experiment/Ex6/T3-2/T3-2.runs/synth_1

launch_runs impl_1 -to_step write_bitstream -jobs 8
[Thu Nov 17 17:19:06 2022] Launched synth_1...
Run output will be captured here: E:/USTC/2nd year-1st sem/Digital circuit Experiment/Ex6/T3-2/T3-2.runs/synth_1/runme.log
[Thu Nov 17 17:19:06 2022] Launched impl_1...
Run output will be captured here: E:/USTC/2nd year-1st sem/Digital circuit Experiment/Ex6/T3-2/T3-2.runs/impl_1/runme.log
exit
INFO: [Common 17-206] Exiting Vivado at Thu Nov 17 17:21:17 2022...
