#-----------------------------------------------------------
# Vivado v2021.1 (64-bit)
# SW Build 3247384 on Thu Jun 10 19:36:33 MDT 2021
# IP Build 3246043 on Fri Jun 11 00:30:35 MDT 2021
# Start of session at: Thu Nov 17 17:26:24 2022
# Process ID: 4580
# Current directory: E:/USTC/2nd year-1st sem/Digital circuit Experiment/Ex6/T3
# Command line: vivado.exe -gui_launcher_event rodinguilauncherevent16500 E:\USTC\2nd year-1st sem\Digital circuit Experiment\Ex6\T3\T3.xpr
# Log file: E:/USTC/2nd year-1st sem/Digital circuit Experiment/Ex6/T3/vivado.log
# Journal file: E:/USTC/2nd year-1st sem/Digital circuit Experiment/Ex6/T3\vivado.jou
#-----------------------------------------------------------
start_gui
open_project {E:/USTC/2nd year-1st sem/Digital circuit Experiment/Ex6/T3/T3.xpr}
WARNING: [filemgmt 56-3] Default IP Output Path : Could not find the directory 'E:/USTC/2nd year-1st sem/Digital circuit Experiment/Ex6/T3/T3.gen/sources_1'.
Scanning sources...
Finished scanning sources
INFO: [IP_Flow 19-234] Refreshing IP repositories
INFO: [IP_Flow 19-1704] No user IP repositories specified
INFO: [IP_Flow 19-2313] Loaded Vivado IP repository 'D:/Vivado/Vivado/2021.1/data/ip'.
open_project: Time (s): cpu = 00:00:14 ; elapsed = 00:00:05 . Memory (MB): peak = 1135.863 ; gain = 0.000
update_compile_order -fileset sources_1
reset_run synth_1
WARNING: [Vivado 12-1017] Problems encountered:
1. Failed to delete one or more files in run directory E:/USTC/2nd year-1st sem/Digital circuit Experiment/Ex6/T3/T3.runs/synth_1

launch_runs impl_1 -to_step write_bitstream -jobs 8
[Thu Nov 17 17:27:41 2022] Launched synth_1...
Run output will be captured here: E:/USTC/2nd year-1st sem/Digital circuit Experiment/Ex6/T3/T3.runs/synth_1/runme.log
[Thu Nov 17 17:27:41 2022] Launched impl_1...
Run output will be captured here: E:/USTC/2nd year-1st sem/Digital circuit Experiment/Ex6/T3/T3.runs/impl_1/runme.log
reset_run synth_1
WARNING: [Vivado 12-1017] Problems encountered:
1. Failed to delete one or more files in run directory E:/USTC/2nd year-1st sem/Digital circuit Experiment/Ex6/T3/T3.runs/synth_1

launch_runs impl_1 -to_step write_bitstream -jobs 8
[Thu Nov 17 17:29:08 2022] Launched synth_1...
Run output will be captured here: E:/USTC/2nd year-1st sem/Digital circuit Experiment/Ex6/T3/T3.runs/synth_1/runme.log
[Thu Nov 17 17:29:08 2022] Launched impl_1...
Run output will be captured here: E:/USTC/2nd year-1st sem/Digital circuit Experiment/Ex6/T3/T3.runs/impl_1/runme.log
reset_run synth_1
WARNING: [Vivado 12-1017] Problems encountered:
1. Failed to delete one or more files in run directory E:/USTC/2nd year-1st sem/Digital circuit Experiment/Ex6/T3/T3.runs/synth_1

launch_runs impl_1 -to_step write_bitstream -jobs 8
[Thu Nov 17 17:36:30 2022] Launched synth_1...
Run output will be captured here: E:/USTC/2nd year-1st sem/Digital circuit Experiment/Ex6/T3/T3.runs/synth_1/runme.log
[Thu Nov 17 17:36:30 2022] Launched impl_1...
Run output will be captured here: E:/USTC/2nd year-1st sem/Digital circuit Experiment/Ex6/T3/T3.runs/impl_1/runme.log
reset_run synth_1
WARNING: [Vivado 12-1017] Problems encountered:
1. Failed to delete one or more files in run directory E:/USTC/2nd year-1st sem/Digital circuit Experiment/Ex6/T3/T3.runs/synth_1

launch_runs impl_1 -to_step write_bitstream -jobs 8
[Thu Nov 17 17:41:26 2022] Launched synth_1...
Run output will be captured here: E:/USTC/2nd year-1st sem/Digital circuit Experiment/Ex6/T3/T3.runs/synth_1/runme.log
[Thu Nov 17 17:41:26 2022] Launched impl_1...
Run output will be captured here: E:/USTC/2nd year-1st sem/Digital circuit Experiment/Ex6/T3/T3.runs/impl_1/runme.log
reset_run synth_1
WARNING: [Vivado 12-1017] Problems encountered:
1. Failed to delete one or more files in run directory E:/USTC/2nd year-1st sem/Digital circuit Experiment/Ex6/T3/T3.runs/synth_1

launch_runs impl_1 -to_step write_bitstream -jobs 8
[Thu Nov 17 17:44:40 2022] Launched synth_1...
Run output will be captured here: E:/USTC/2nd year-1st sem/Digital circuit Experiment/Ex6/T3/T3.runs/synth_1/runme.log
[Thu Nov 17 17:44:40 2022] Launched impl_1...
Run output will be captured here: E:/USTC/2nd year-1st sem/Digital circuit Experiment/Ex6/T3/T3.runs/impl_1/runme.log
exit
INFO: [Common 17-206] Exiting Vivado at Thu Nov 17 17:52:23 2022...
